<?xml version="1.0" encoding="UTF-8"?>
<testng-results skipped="0" failed="0" ignored="0" total="2" passed="2">
  <reporter-output>
  </reporter-output>
  <suite name="Default suite" duration-ms="47094" started-at="2018-07-16T16:56:55Z" finished-at="2018-07-16T16:57:42Z">
    <groups>
    </groups>
    <test name="Default test" duration-ms="47094" started-at="2018-07-16T16:56:55Z" finished-at="2018-07-16T16:57:42Z">
      <class name="GitHubProject.LoingandLogoutApplicationTest">
        <test-method status="PASS" signature="OpenApplication()[pri:1, instance:GitHubProject.LoingandLogoutApplicationTest@73a1e9a9]" name="OpenApplication" duration-ms="43941" started-at="2018-07-16T16:56:55Z" finished-at="2018-07-16T16:57:39Z">
          <reporter-output>
          </reporter-output>
        </test-method> <!-- OpenApplication -->
        <test-method status="PASS" signature="LogoutApplication()[pri:2, instance:GitHubProject.LoingandLogoutApplicationTest@73a1e9a9]" name="LogoutApplication" duration-ms="3098" started-at="2018-07-16T16:57:39Z" finished-at="2018-07-16T16:57:42Z">
          <reporter-output>
          </reporter-output>
        </test-method> <!-- LogoutApplication -->
      </class> <!-- GitHubProject.LoingandLogoutApplicationTest -->
    </test> <!-- Default test -->
  </suite> <!-- Default suite -->
</testng-results>
